{"/var/lib/jenkins/workspace/node-microservice/Microservice.js":{"path":"/var/lib/jenkins/workspace/node-microservice/Microservice.js","s":{"1":1,"2":1,"3":1,"4":5,"5":5,"6":7,"7":7,"8":2,"9":2,"10":5,"11":5,"12":5,"13":5,"14":5,"15":5,"16":0,"17":1,"18":5,"19":5,"20":5,"21":5,"22":7,"23":7,"24":7,"25":5,"26":1,"27":7,"28":2,"29":0,"30":2,"31":2,"32":7,"33":7,"34":7,"35":1,"36":5,"37":5,"38":1,"39":5,"40":5,"41":5,"42":7,"43":7,"44":7,"45":0,"46":5,"47":1},"b":{"1":[2,5],"2":[2,0],"3":[0,2],"4":[7,0],"5":[7,0]},"f":{"1":5,"2":7,"3":5,"4":0,"5":5,"6":7,"7":2,"8":5,"9":5},"fnMap":{"1":{"name":"Microservice","line":5,"loc":{"start":{"line":5,"column":0},"end":{"line":5,"column":24}}},"2":{"name":"(anonymous_2)","line":9,"loc":{"start":{"line":9,"column":13},"end":{"line":9,"column":39}}},"3":{"name":"(anonymous_3)","line":24,"loc":{"start":{"line":24,"column":14},"end":{"line":24,"column":39}}},"4":{"name":"(anonymous_4)","line":29,"loc":{"start":{"line":29,"column":13},"end":{"line":29,"column":28}}},"5":{"name":"generateCallStack","line":35,"loc":{"start":{"line":35,"column":0},"end":{"line":35,"column":51}}},"6":{"name":"executeNextChainItem","line":48,"loc":{"start":{"line":48,"column":2},"end":{"line":48,"column":48}}},"7":{"name":"(anonymous_7)","line":49,"loc":{"start":{"line":49,"column":16},"end":{"line":49,"column":40}}},"8":{"name":"(anonymous_8)","line":66,"loc":{"start":{"line":66,"column":9},"end":{"line":66,"column":20}}},"9":{"name":"listActions","line":73,"loc":{"start":{"line":73,"column":0},"end":{"line":73,"column":35}}}},"statementMap":{"1":{"start":{"line":2,"column":0},"end":{"line":3,"column":0}},"2":{"start":{"line":3,"column":0},"end":{"line":5,"column":0}},"3":{"start":{"line":5,"column":0},"end":{"line":32,"column":1}},"4":{"start":{"line":7,"column":2},"end":{"line":9,"column":2}},"5":{"start":{"line":9,"column":2},"end":{"line":24,"column":2}},"6":{"start":{"line":10,"column":4},"end":{"line":11,"column":4}},"7":{"start":{"line":11,"column":4},"end":{"line":21,"column":5}},"8":{"start":{"line":12,"column":6},"end":{"line":14,"column":7}},"9":{"start":{"line":13,"column":8},"end":{"line":14,"column":6}},"10":{"start":{"line":16,"column":6},"end":{"line":20,"column":6}},"11":{"start":{"line":20,"column":6},"end":{"line":21,"column":4}},"12":{"start":{"line":24,"column":2},"end":{"line":29,"column":2}},"13":{"start":{"line":25,"column":4},"end":{"line":26,"column":4}},"14":{"start":{"line":26,"column":4},"end":{"line":27,"column":2}},"15":{"start":{"line":29,"column":2},"end":{"line":32,"column":0}},"16":{"start":{"line":30,"column":4},"end":{"line":31,"column":2}},"17":{"start":{"line":35,"column":0},"end":{"line":71,"column":1}},"18":{"start":{"line":36,"column":2},"end":{"line":38,"column":2}},"19":{"start":{"line":38,"column":2},"end":{"line":39,"column":2}},"20":{"start":{"line":39,"column":2},"end":{"line":40,"column":2}},"21":{"start":{"line":40,"column":2},"end":{"line":44,"column":3}},"22":{"start":{"line":41,"column":4},"end":{"line":42,"column":4}},"23":{"start":{"line":42,"column":4},"end":{"line":43,"column":4}},"24":{"start":{"line":43,"column":4},"end":{"line":44,"column":2}},"25":{"start":{"line":46,"column":2},"end":{"line":48,"column":2}},"26":{"start":{"line":48,"column":2},"end":{"line":63,"column":3}},"27":{"start":{"line":49,"column":4},"end":{"line":56,"column":4}},"28":{"start":{"line":50,"column":6},"end":{"line":52,"column":7}},"29":{"start":{"line":51,"column":8},"end":{"line":52,"column":6}},"30":{"start":{"line":53,"column":6},"end":{"line":54,"column":6}},"31":{"start":{"line":54,"column":6},"end":{"line":55,"column":4}},"32":{"start":{"line":56,"column":4},"end":{"line":62,"column":5}},"33":{"start":{"line":57,"column":6},"end":{"line":61,"column":7}},"34":{"start":{"line":58,"column":8},"end":{"line":59,"column":6}},"35":{"start":{"line":60,"column":8},"end":{"line":61,"column":6}},"36":{"start":{"line":65,"column":2},"end":{"line":71,"column":0}},"37":{"start":{"line":67,"column":6},"end":{"line":68,"column":4}},"38":{"start":{"line":73,"column":0},"end":{"line":86,"column":1}},"39":{"start":{"line":75,"column":2},"end":{"line":76,"column":2}},"40":{"start":{"line":76,"column":2},"end":{"line":77,"column":2}},"41":{"start":{"line":77,"column":2},"end":{"line":84,"column":3}},"42":{"start":{"line":78,"column":4},"end":{"line":79,"column":4}},"43":{"start":{"line":79,"column":4},"end":{"line":83,"column":5}},"44":{"start":{"line":80,"column":6},"end":{"line":81,"column":4}},"45":{"start":{"line":82,"column":6},"end":{"line":83,"column":4}},"46":{"start":{"line":85,"column":2},"end":{"line":86,"column":0}},"47":{"start":{"line":88,"column":0},"end":{"line":90,"column":0}}},"branchMap":{"1":{"line":11,"type":"if","locations":[{"start":{"line":11,"column":4},"end":{"line":11,"column":4}},{"start":{"line":11,"column":4},"end":{"line":11,"column":4}}]},"2":{"line":12,"type":"if","locations":[{"start":{"line":12,"column":6},"end":{"line":12,"column":6}},{"start":{"line":12,"column":6},"end":{"line":12,"column":6}}]},"3":{"line":50,"type":"if","locations":[{"start":{"line":50,"column":6},"end":{"line":50,"column":6}},{"start":{"line":50,"column":6},"end":{"line":50,"column":6}}]},"4":{"line":56,"type":"if","locations":[{"start":{"line":56,"column":4},"end":{"line":56,"column":4}},{"start":{"line":56,"column":4},"end":{"line":56,"column":4}}]},"5":{"line":79,"type":"if","locations":[{"start":{"line":79,"column":4},"end":{"line":79,"column":4}},{"start":{"line":79,"column":4},"end":{"line":79,"column":4}}]}}}}