TN:
SF:/var/lib/jenkins/workspace/node-microservice/Microservice.js
FN:5,Microservice
FN:9,(anonymous_2)
FN:24,(anonymous_3)
FN:29,(anonymous_4)
FN:35,generateCallStack
FN:48,executeNextChainItem
FN:49,(anonymous_7)
FN:66,(anonymous_8)
FN:73,listActions
FNF:9
FNH:8
FNDA:5,Microservice
FNDA:7,(anonymous_2)
FNDA:5,(anonymous_3)
FNDA:0,(anonymous_4)
FNDA:5,generateCallStack
FNDA:7,executeNextChainItem
FNDA:2,(anonymous_7)
FNDA:5,(anonymous_8)
FNDA:5,listActions
DA:2,1
DA:3,1
DA:5,1
DA:7,5
DA:9,5
DA:10,7
DA:11,7
DA:12,2
DA:13,2
DA:16,5
DA:20,5
DA:24,5
DA:25,5
DA:26,5
DA:29,5
DA:30,0
DA:35,1
DA:36,5
DA:38,5
DA:39,5
DA:40,5
DA:41,7
DA:42,7
DA:43,7
DA:46,5
DA:48,1
DA:49,7
DA:50,2
DA:51,0
DA:53,2
DA:54,2
DA:56,7
DA:57,7
DA:58,7
DA:60,1
DA:65,5
DA:67,5
DA:73,1
DA:75,5
DA:76,5
DA:77,5
DA:78,7
DA:79,7
DA:80,7
DA:82,0
DA:85,5
DA:88,1
LF:47
LH:44
BRDA:11,1,0,2
BRDA:11,1,1,5
BRDA:12,2,0,2
BRDA:12,2,1,0
BRDA:50,3,0,0
BRDA:50,3,1,2
BRDA:56,4,0,7
BRDA:56,4,1,0
BRDA:79,5,0,7
BRDA:79,5,1,0
BRF:10
BRH:6
end_of_record
